FUNC -1
Id 7
( -1
Id 97
, -1
Id 98
, -1
Id 99
) -1
{ -1
CHECK -1
Id 97
> -1
Id 98
THEN -1
{ -1
CHECK -1
Id 97
> -1
Id 99
THEN -1
{ -1
RETURN -1
Id 97
; -1
} -1
END -1
OTHERWISE -1
{ -1
RETURN -1
Id 99
; -1
} -1
END -1
} -1
END -1
OTHERWISE -1
{ -1
CHECK -1
Id 98
> -1
Id 99
THEN -1
{ -1
RETURN -1
Id 98
; -1
} -1
END -1
OTHERWISE -1
{ -1
RETURN -1
Id 99
; -1
} -1
END -1
} -1
END -1
} -1
INT -1
Id 97
= -1
Const 53
; -1
INT -1
Id 98
= -1
Const 56
; -1
INT -1
Id 99
= -1
Const 51
; -1
PRINT -1
( -1
Id 7
( -1
Id 97
, -1
Id 98
, -1
Id 99
) -1
) -1
; -1
